Run finished at Fri Nov  3 15:24:17 2023
Global runtime       = 54681ms / 54.681s
Number of processors = 1
# Rank: 0

                                          Event |      Count |  Total[ms] |    Max[ms] |    Min[ms] |    Avg[ms] | Time Ratio |
-------------------------------------------------------------------------------------------------------------------------------
                                        _GLOBAL |          1 |      54681 |      54681 |      54681 |      54681 |          1 |
                                        advance |          5 |          4 |          1 |          0 |          0 |   7.32e-05 |
                        advance/m2n.receiveData |          5 |          3 |          1 |          0 |          0 |   5.49e-05 |
                           advance/m2n.sendData |          5 |          0 |          0 |          0 |          0 |          0 |
                                      configure |          1 |          0 |          0 |          0 |          0 |          0 |
                                       finalize |          1 |          1 |          1 |          1 |          1 |   1.83e-05 |
                                     initialize |          1 |      54396 |      54396 |      54396 |      54396 |      0.995 |
    initialize/m2n.broadcastVertexDistributions |          1 |          0 |          0 |          0 |          0 |          0 |
           initialize/m2n.buildCommunicationMap |          1 |          0 |          0 |          0 |          0 |          0 |
            initialize/m2n.createCommunications |          1 |          1 |          1 |          1 |          1 |   1.83e-05 |
      initialize/m2n.exchangeVertexDistribution |          1 |         87 |         87 |         87 |         87 |    0.00159 |
    initialize/m2n.requestPrimaryRankConnection |          1 |      54306 |      54306 |      54306 |      54306 |      0.993 |
 initialize/m2n.requestSecondaryRanksConnection |          1 |         88 |         88 |         88 |         88 |    0.00161 |
     initialize/partition.gatherMesh.Solid-Mesh |          1 |          0 |          0 |          0 |          0 |          0 |
    initialize/partition.prepareMesh.Solid-Mesh |          1 |          0 |          0 |          0 |          0 |          0 |
 initialize/partition.sendGlobalMesh.Solid-Mesh |          1 |          0 |          0 |          0 |          0 |          0 |
                                 solver.advance |          5 |        216 |         56 |         10 |         43 |    0.00395 |
                              solver.initialize |          1 |         61 |         61 |         61 |         61 |    0.00112 |


                                           Name |        Max |  MaxOnRank |        Min |  MinOnRank |    Min/Max |
------------------------------------------------------------------------------------------------------------------
                                        _GLOBAL |      54681 |          0 |      54681 |          0 |          1 |
                                        advance |          1 |          0 |          0 |          0 |          0 |
                        advance/m2n.receiveData |          1 |          0 |          0 |          0 |          0 |
                           advance/m2n.sendData |          0 |          0 |          0 |          0 |          0 |
                                      configure |          0 |          0 |          0 |          0 |          0 |
                                       finalize |          1 |          0 |          1 |          0 |          1 |
                                     initialize |      54396 |          0 |      54396 |          0 |          1 |
    initialize/m2n.broadcastVertexDistributions |          0 |          0 |          0 |          0 |          0 |
           initialize/m2n.buildCommunicationMap |          0 |          0 |          0 |          0 |          0 |
            initialize/m2n.createCommunications |          1 |          0 |          1 |          0 |          1 |
      initialize/m2n.exchangeVertexDistribution |         87 |          0 |         87 |          0 |          1 |
    initialize/m2n.requestPrimaryRankConnection |      54306 |          0 |      54306 |          0 |          1 |
 initialize/m2n.requestSecondaryRanksConnection |         88 |          0 |         88 |          0 |          1 |
     initialize/partition.gatherMesh.Solid-Mesh |          0 |          0 |          0 |          0 |          0 |
    initialize/partition.prepareMesh.Solid-Mesh |          0 |          0 |          0 |          0 |          0 |
 initialize/partition.sendGlobalMesh.Solid-Mesh |          0 |          0 |          0 |          0 |          0 |
                                 solver.advance |         56 |          0 |         10 |          0 |   0.178571 |
                              solver.initialize |         61 |          0 |         61 |          0 |          1 |
