Run finished at Fri Nov  3 18:13:54 2023
Global runtime       = 356ms / 0.356s
Number of processors = 1
# Rank: 0

                                          Event |      Count |  Total[ms] |    Max[ms] |    Min[ms] |    Avg[ms] | Time Ratio |
-------------------------------------------------------------------------------------------------------------------------------
                                        _GLOBAL |          1 |        356 |        356 |        356 |        356 |          1 |
                                        advance |          5 |          4 |          1 |          0 |          0 |     0.0112 |
                        advance/m2n.receiveData |          5 |          3 |          1 |          0 |          0 |    0.00843 |
                           advance/m2n.sendData |          5 |          0 |          0 |          0 |          0 |          0 |
                                      configure |          1 |          0 |          0 |          0 |          0 |          0 |
                                       finalize |          1 |          0 |          0 |          0 |          0 |          0 |
                                     initialize |          1 |         88 |         88 |         88 |         88 |      0.247 |
    initialize/m2n.broadcastVertexDistributions |          1 |          0 |          0 |          0 |          0 |          0 |
           initialize/m2n.buildCommunicationMap |          1 |          0 |          0 |          0 |          0 |          0 |
            initialize/m2n.createCommunications |          1 |          1 |          1 |          1 |          1 |    0.00281 |
      initialize/m2n.exchangeVertexDistribution |          1 |         84 |         84 |         84 |         84 |      0.236 |
    initialize/m2n.requestPrimaryRankConnection |          1 |          0 |          0 |          0 |          0 |          0 |
 initialize/m2n.requestSecondaryRanksConnection |          1 |         86 |         86 |         86 |         86 |      0.242 |
     initialize/partition.gatherMesh.Solid-Mesh |          1 |          0 |          0 |          0 |          0 |          0 |
    initialize/partition.prepareMesh.Solid-Mesh |          1 |          0 |          0 |          0 |          0 |          0 |
 initialize/partition.sendGlobalMesh.Solid-Mesh |          1 |          0 |          0 |          0 |          0 |          0 |
                                 solver.advance |          5 |        204 |         54 |          3 |         40 |      0.573 |
                              solver.initialize |          1 |         58 |         58 |         58 |         58 |      0.163 |


                                           Name |        Max |  MaxOnRank |        Min |  MinOnRank |    Min/Max |
------------------------------------------------------------------------------------------------------------------
                                        _GLOBAL |        356 |          0 |        356 |          0 |          1 |
                                        advance |          1 |          0 |          0 |          0 |          0 |
                        advance/m2n.receiveData |          1 |          0 |          0 |          0 |          0 |
                           advance/m2n.sendData |          0 |          0 |          0 |          0 |          0 |
                                      configure |          0 |          0 |          0 |          0 |          0 |
                                       finalize |          0 |          0 |          0 |          0 |          0 |
                                     initialize |         88 |          0 |         88 |          0 |          1 |
    initialize/m2n.broadcastVertexDistributions |          0 |          0 |          0 |          0 |          0 |
           initialize/m2n.buildCommunicationMap |          0 |          0 |          0 |          0 |          0 |
            initialize/m2n.createCommunications |          1 |          0 |          1 |          0 |          1 |
      initialize/m2n.exchangeVertexDistribution |         84 |          0 |         84 |          0 |          1 |
    initialize/m2n.requestPrimaryRankConnection |          0 |          0 |          0 |          0 |          0 |
 initialize/m2n.requestSecondaryRanksConnection |         86 |          0 |         86 |          0 |          1 |
     initialize/partition.gatherMesh.Solid-Mesh |          0 |          0 |          0 |          0 |          0 |
    initialize/partition.prepareMesh.Solid-Mesh |          0 |          0 |          0 |          0 |          0 |
 initialize/partition.sendGlobalMesh.Solid-Mesh |          0 |          0 |          0 |          0 |          0 |
                                 solver.advance |         54 |          0 |          3 |          0 |  0.0555556 |
                              solver.initialize |         58 |          0 |         58 |          0 |          1 |
