Run finished at Thu Nov  2 14:20:56 2023
Global runtime       = 4152ms / 4.152s
Number of processors = 1
# Rank: 0

                                          Event |      Count |  Total[ms] |    Max[ms] |    Min[ms] |    Avg[ms] | Time Ratio |
-------------------------------------------------------------------------------------------------------------------------------
                                        _GLOBAL |          1 |       4152 |       4152 |       4152 |       4152 |          1 |
                                        advance |          5 |          1 |          0 |          0 |          0 |   0.000241 |
                        advance/m2n.receiveData |          5 |          1 |          0 |          0 |          0 |   0.000241 |
                           advance/m2n.sendData |          5 |          0 |          0 |          0 |          0 |          0 |
                                      configure |          1 |          0 |          0 |          0 |          0 |          0 |
                                       finalize |          1 |          0 |          0 |          0 |          0 |          0 |
                                     initialize |          1 |       3717 |       3717 |       3717 |       3717 |      0.895 |
    initialize/m2n.broadcastVertexDistributions |          1 |          0 |          0 |          0 |          0 |          0 |
           initialize/m2n.buildCommunicationMap |          1 |          0 |          0 |          0 |          0 |          0 |
            initialize/m2n.createCommunications |          1 |          1 |          1 |          1 |          1 |   0.000241 |
      initialize/m2n.exchangeVertexDistribution |          1 |         86 |         86 |         86 |         86 |     0.0207 |
    initialize/m2n.requestPrimaryRankConnection |          1 |       3627 |       3627 |       3627 |       3627 |      0.874 |
 initialize/m2n.requestSecondaryRanksConnection |          1 |         88 |         88 |         88 |         88 |     0.0212 |
        initialize/partition.gatherMesh.MeshOne |          1 |          0 |          0 |          0 |          0 |          0 |
       initialize/partition.prepareMesh.MeshOne |          1 |          0 |          0 |          0 |          0 |          0 |
    initialize/partition.sendGlobalMesh.MeshOne |          1 |          0 |          0 |          0 |          0 |          0 |
                                 solver.advance |          5 |        187 |         47 |          6 |         37 |      0.045 |
                              solver.initialize |          1 |        244 |        244 |        244 |        244 |     0.0588 |


                                           Name |        Max |  MaxOnRank |        Min |  MinOnRank |    Min/Max |
------------------------------------------------------------------------------------------------------------------
                                        _GLOBAL |       4152 |          0 |       4152 |          0 |          1 |
                                        advance |          0 |          0 |          0 |          0 |          0 |
                        advance/m2n.receiveData |          0 |          0 |          0 |          0 |          0 |
                           advance/m2n.sendData |          0 |          0 |          0 |          0 |          0 |
                                      configure |          0 |          0 |          0 |          0 |          0 |
                                       finalize |          0 |          0 |          0 |          0 |          0 |
                                     initialize |       3717 |          0 |       3717 |          0 |          1 |
    initialize/m2n.broadcastVertexDistributions |          0 |          0 |          0 |          0 |          0 |
           initialize/m2n.buildCommunicationMap |          0 |          0 |          0 |          0 |          0 |
            initialize/m2n.createCommunications |          1 |          0 |          1 |          0 |          1 |
      initialize/m2n.exchangeVertexDistribution |         86 |          0 |         86 |          0 |          1 |
    initialize/m2n.requestPrimaryRankConnection |       3627 |          0 |       3627 |          0 |          1 |
 initialize/m2n.requestSecondaryRanksConnection |         88 |          0 |         88 |          0 |          1 |
        initialize/partition.gatherMesh.MeshOne |          0 |          0 |          0 |          0 |          0 |
       initialize/partition.prepareMesh.MeshOne |          0 |          0 |          0 |          0 |          0 |
    initialize/partition.sendGlobalMesh.MeshOne |          0 |          0 |          0 |          0 |          0 |
                                 solver.advance |         47 |          0 |          6 |          0 |    0.12766 |
                              solver.initialize |        244 |          0 |        244 |          0 |          1 |
